[2021-02-12 22:47:50.194 I/HiAd/HiAd 19424:main] 
============================================================================
====== HiAd-13.4.37.300
====== Brand: HUAWEI Model: JKM-LX1 Release: 9 API: 28
============================================================================
[2021-02-12 22:47:50.213 W/HiAd/HiAdSDK.HMSConnectProcessor 19424:IO-pool-thread-1] check hms sdk available error
[2021-02-12 22:47:50.213 I/HiAd/HiAdSDK.HiAd 19424:IO-pool-thread-1] ppskit api is not included
[2021-02-13 12:00:01.258 I/HiAd/HiAd 16466:main] 
============================================================================
====== HiAd-13.4.37.300
====== Brand: HUAWEI Model: JKM-LX1 Release: 9 API: 28
============================================================================
[2021-02-13 12:00:01.530 W/HiAd/HiAdSDK.HMSConnectProcessor 16466:IO-pool-thread-1] check hms sdk available error
[2021-02-13 12:00:01.531 I/HiAd/HiAdSDK.HiAd 16466:IO-pool-thread-1] ppskit api is not included
[2021-02-13 15:30:20.096 I/HiAd/HiAd 18383:main] 
============================================================================
====== HiAd-13.4.37.300
====== Brand: HUAWEI Model: JKM-LX1 Release: 9 API: 28
============================================================================
[2021-02-13 15:30:20.121 W/HiAd/HiAdSDK.HMSConnectProcessor 18383:IO-pool-thread-1] check hms sdk available error
[2021-02-13 15:30:20.121 I/HiAd/HiAdSDK.HiAd 18383:IO-pool-thread-1] ppskit api is not included
[2021-02-13 23:04:58.404 I/HiAd/HiAd 25322:main] 
============================================================================
====== HiAd-13.4.37.300
====== Brand: HUAWEI Model: JKM-LX1 Release: 9 API: 28
============================================================================
[2021-02-13 23:04:58.437 W/HiAd/HiAdSDK.HMSConnectProcessor 25322:IO-pool-thread-1] check hms sdk available error
[2021-02-13 23:04:58.437 I/HiAd/HiAdSDK.HiAd 25322:IO-pool-thread-1] ppskit api is not included
[2021-03-01 19:06:03.768 I/HiAd/HiAd 18267:main] 
============================================================================
====== HiAd-13.4.37.300
====== Brand: HUAWEI Model: JKM-LX1 Release: 9 API: 28
============================================================================
[2021-03-01 19:06:03.790 W/HiAd/HiAdSDK.HMSConnectProcessor 18267:IO-pool-thread-1] check hms sdk available error
[2021-03-01 19:06:03.790 I/HiAd/HiAdSDK.HiAd 18267:IO-pool-thread-1] ppskit api is not included
[2021-03-01 19:06:40.893 I/HiAd/HiAd 19001:main] 
============================================================================
====== HiAd-13.4.37.300
====== Brand: HUAWEI Model: JKM-LX1 Release: 9 API: 28
============================================================================
[2021-03-01 19:06:40.916 W/HiAd/HiAdSDK.HMSConnectProcessor 19001:IO-pool-thread-1] check hms sdk available error
[2021-03-01 19:06:40.917 I/HiAd/HiAdSDK.HiAd 19001:IO-pool-thread-1] ppskit api is not included
[2021-03-01 22:22:27.561 I/HiAd/HiAd 7118:main] 
============================================================================
====== HiAd-13.4.37.300
====== Brand: HUAWEI Model: JKM-LX1 Release: 9 API: 28
============================================================================
[2021-03-01 22:22:27.577 W/HiAd/HiAdSDK.HMSConnectProcessor 7118:IO-pool-thread-1] check hms sdk available error
[2021-03-01 22:22:27.578 I/HiAd/HiAdSDK.HiAd 7118:IO-pool-thread-1] ppskit api is not included
